<?xml version="1.0" encoding="UTF-8"?>
<!-- Generated by org.testng.reporters.JUnitXMLReporter -->
<testsuite ignored="0" hostname="waleed_wani" failures="0" tests="3" name="Surefire test" time="0.029" errors="0" timestamp="2026-04-26T16:24:51 IST">
  <testcase classname="pgm1.ResultTest" name="testFail" time="0.005"/>
  <testcase classname="pgm1.ResultTest" name="testInvalid" time="0.0"/>
  <testcase classname="pgm1.ResultTest" name="testPass" time="0.001"/>
</testsuite> <!-- Surefire test -->
