<?xml version="1.0" encoding="UTF-8"?>
<testsuite name="pgm1.ResultTest" tests="3" skipped="0" failures="0" errors="0" timestamp="2026-04-26T11:57:47.887Z" hostname="WALEED_WANI" time="0.015">
  <properties/>
  <testcase name="testFail" classname="pgm1.ResultTest" time="0.007"/>
  <testcase name="testInvalid" classname="pgm1.ResultTest" time="0.0"/>
  <testcase name="testPass" classname="pgm1.ResultTest" time="0.0"/>
  <system-out><![CDATA[]]></system-out>
  <system-err><![CDATA[]]></system-err>
</testsuite>
